<?xml version="1.0" encoding="UTF-8" ?>
<testsuite failures="0" time="0.02" errors="0" skipped="0" tests="1" name="org.appfuse.examples.web.UserControllerTest">
  <properties>
    <property name="java.runtime.name" value="Java(TM) SE Runtime Environment"/>
    <property name="sun.boot.library.path" value="/System/Library/Java/JavaVirtualMachines/1.6.0.jdk/Contents/Libraries"/>
    <property name="java.vm.version" value="17.1-b03-307"/>
    <property name="awt.nativeDoubleBuffering" value="true"/>
    <property name="gopherProxySet" value="false"/>
    <property name="mrj.build" value="10M3261"/>
    <property name="java.vm.vendor" value="Apple Inc."/>
    <property name="java.vendor.url" value="http://www.apple.com/"/>
    <property name="path.separator" value=":"/>
    <property name="java.vm.name" value="Java HotSpot(TM) 64-Bit Server VM"/>
    <property name="file.encoding.pkg" value="sun.io"/>
    <property name="user.country" value="US"/>
    <property name="sun.java.launcher" value="SUN_STANDARD"/>
    <property name="sun.os.patch.level" value="unknown"/>
    <property name="java.vm.specification.name" value="Java Virtual Machine Specification"/>
    <property name="user.dir" value="/Users/mraible/dev/ajax/ajax-login"/>
    <property name="java.runtime.version" value="1.6.0_22-b04-307-10M3261"/>
    <property name="java.awt.graphicsenv" value="apple.awt.CGraphicsEnvironment"/>
    <property name="basedir" value="/Users/mraible/dev/ajax/ajax-login"/>
    <property name="java.endorsed.dirs" value="/System/Library/Java/JavaVirtualMachines/1.6.0.jdk/Contents/Home/lib/endorsed"/>
    <property name="os.arch" value="x86_64"/>
    <property name="surefire.real.class.path" value="/Users/mraible/dev/ajax/ajax-login/target/surefire/surefirebooter5815249742351652090.jar"/>
    <property name="java.io.tmpdir" value="/var/folders/nk/nk52frylGSCAXUUjIcgoOk+++TI/-Tmp-/"/>
    <property name="line.separator" value="
"/>
    <property name="java.vm.specification.vendor" value="Sun Microsystems Inc."/>
    <property name="os.name" value="Mac OS X"/>
    <property name="sun.jnu.encoding" value="MacRoman"/>
    <property name="java.library.path" value=".:/Library/Java/Extensions:/System/Library/Java/Extensions:/usr/lib/java"/>
    <property name="surefire.test.class.path" value="/Users/mraible/dev/ajax/ajax-login/target/test-classes:/Users/mraible/dev/ajax/ajax-login/target/classes:/Users/mraible/.m2/repository/org/appfuse/appfuse-service/2.1.0-SNAPSHOT/appfuse-service-2.1.0-SNAPSHOT.jar:/Users/mraible/.m2/repository/javax/mail/mail/1.4.1/mail-1.4.1.jar:/Users/mraible/.m2/repository/javax/activation/activation/1.1/activation-1.1.jar:/Users/mraible/.m2/repository/velocity/velocity/1.4/velocity-1.4.jar:/Users/mraible/.m2/repository/velocity/velocity-dep/1.4/velocity-dep-1.4.jar:/Users/mraible/.m2/repository/org/apache/cxf/cxf-rt-frontend-jaxrs/2.3.2/cxf-rt-frontend-jaxrs-2.3.2.jar:/Users/mraible/.m2/repository/org/apache/cxf/cxf-api/2.3.2/cxf-api-2.3.2.jar:/Users/mraible/.m2/repository/org/apache/neethi/neethi/2.0.4/neethi-2.0.4.jar:/Users/mraible/.m2/repository/wsdl4j/wsdl4j/1.6.2/wsdl4j-1.6.2.jar:/Users/mraible/.m2/repository/org/apache/cxf/cxf-common-schemas/2.3.2/cxf-common-schemas-2.3.2.jar:/Users/mraible/.m2/repository/org/apache/cxf/cxf-rt-core/2.3.2/cxf-rt-core-2.3.2.jar:/Users/mraible/.m2/repository/com/sun/xml/bind/jaxb-impl/2.1.13/jaxb-impl-2.1.13.jar:/Users/mraible/.m2/repository/org/apache/geronimo/specs/geronimo-javamail_1.4_spec/1.7.1/geronimo-javamail_1.4_spec-1.7.1.jar:/Users/mraible/.m2/repository/javax/ws/rs/jsr311-api/1.1.1/jsr311-api-1.1.1.jar:/Users/mraible/.m2/repository/org/apache/cxf/cxf-rt-bindings-xml/2.3.2/cxf-rt-bindings-xml-2.3.2.jar:/Users/mraible/.m2/repository/org/codehaus/jettison/jettison/1.2/jettison-1.2.jar:/Users/mraible/.m2/repository/org/codehaus/woodstox/woodstox-core-asl/4.1.1/woodstox-core-asl-4.1.1.jar:/Users/mraible/.m2/repository/javax/xml/stream/stax-api/1.0-2/stax-api-1.0-2.jar:/Users/mraible/.m2/repository/org/codehaus/woodstox/stax2-api/3.1.1/stax2-api-3.1.1.jar:/Users/mraible/.m2/repository/org/apache/cxf/cxf-common-utilities/2.3.2/cxf-common-utilities-2.3.2.jar:/Users/mraible/.m2/repository/org/apache/ws/commons/schema/XmlSchema/1.4.7/XmlSchema-1.4.7.jar:/Users/mraible/.m2/repository/org/apache/cxf/cxf-rt-transports-http/2.3.2/cxf-rt-transports-http-2.3.2.jar:/Users/mraible/.m2/repository/org/apache/cxf/cxf-rt-transports-common/2.3.2/cxf-rt-transports-common-2.3.2.jar:/Users/mraible/.m2/repository/org/apache/cxf/cxf-rt-frontend-jaxws/2.3.2/cxf-rt-frontend-jaxws-2.3.2.jar:/Users/mraible/.m2/repository/xml-resolver/xml-resolver/1.2/xml-resolver-1.2.jar:/Users/mraible/.m2/repository/asm/asm/3.3/asm-3.3.jar:/Users/mraible/.m2/repository/org/apache/cxf/cxf-rt-bindings-soap/2.3.2/cxf-rt-bindings-soap-2.3.2.jar:/Users/mraible/.m2/repository/org/apache/cxf/cxf-tools-common/2.3.2/cxf-tools-common-2.3.2.jar:/Users/mraible/.m2/repository/org/apache/cxf/cxf-rt-databinding-jaxb/2.3.2/cxf-rt-databinding-jaxb-2.3.2.jar:/Users/mraible/.m2/repository/org/apache/cxf/cxf-rt-frontend-simple/2.3.2/cxf-rt-frontend-simple-2.3.2.jar:/Users/mraible/.m2/repository/org/apache/cxf/cxf-rt-ws-addr/2.3.2/cxf-rt-ws-addr-2.3.2.jar:/Users/mraible/.m2/repository/org/codehaus/jackson/jackson-jaxrs/1.7.1/jackson-jaxrs-1.7.1.jar:/Users/mraible/.m2/repository/org/codehaus/jackson/jackson-core-asl/1.7.1/jackson-core-asl-1.7.1.jar:/Users/mraible/.m2/repository/org/codehaus/jackson/jackson-mapper-asl/1.7.1/jackson-mapper-asl-1.7.1.jar:/Users/mraible/.m2/repository/org/springframework/spring-aspects/3.0.5.RELEASE/spring-aspects-3.0.5.RELEASE.jar:/Users/mraible/.m2/repository/org/springframework/spring-context-support/3.0.5.RELEASE/spring-context-support-3.0.5.RELEASE.jar:/Users/mraible/.m2/repository/commons-dbcp/commons-dbcp/1.3/commons-dbcp-1.3.jar:/Users/mraible/.m2/repository/commons-pool/commons-pool/1.5.4/commons-pool-1.5.4.jar:/Users/mraible/.m2/repository/org/directwebremoting/dwr/2.0.3/dwr-2.0.3.jar:/Users/mraible/.m2/repository/net/sf/ehcache/ehcache-web/2.0.3/ehcache-web-2.0.3.jar:/Users/mraible/.m2/repository/javax/servlet/jstl/1.1.2/jstl-1.1.2.jar:/Users/mraible/.m2/repository/taglibs/standard/1.1.2/standard-1.1.2.jar:/Users/mraible/.m2/repository/mysql/mysql-connector-java/5.1.14/mysql-connector-java-5.1.14.jar:/Users/mraible/.m2/repository/struts-menu/struts-menu/2.4.3/struts-menu-2.4.3.jar:/Users/mraible/.m2/repository/velocity-tools/velocity-tools-view/1.0/velocity-tools-view-1.0.jar:/Users/mraible/.m2/repository/opensymphony/sitemesh/2.4.2/sitemesh-2.4.2.jar:/Users/mraible/.m2/repository/org/springframework/spring-aop/3.0.5.RELEASE/spring-aop-3.0.5.RELEASE.jar:/Users/mraible/.m2/repository/aopalliance/aopalliance/1.0/aopalliance-1.0.jar:/Users/mraible/.m2/repository/org/springframework/spring-asm/3.0.5.RELEASE/spring-asm-3.0.5.RELEASE.jar:/Users/mraible/.m2/repository/org/springframework/spring-beans/3.0.5.RELEASE/spring-beans-3.0.5.RELEASE.jar:/Users/mraible/.m2/repository/org/springframework/spring-core/3.0.5.RELEASE/spring-core-3.0.5.RELEASE.jar:/Users/mraible/.m2/repository/org/springframework/security/spring-security-taglibs/3.0.5.RELEASE/spring-security-taglibs-3.0.5.RELEASE.jar:/Users/mraible/.m2/repository/org/springframework/security/spring-security-web/3.0.5.RELEASE/spring-security-web-3.0.5.RELEASE.jar:/Users/mraible/.m2/repository/org/springframework/security/spring-security-acl/3.0.5.RELEASE/spring-security-acl-3.0.5.RELEASE.jar:/Users/mraible/.m2/repository/org/springframework/spring-webmvc/3.0.5.RELEASE/spring-webmvc-3.0.5.RELEASE.jar:/Users/mraible/.m2/repository/org/springframework/spring-context/3.0.5.RELEASE/spring-context-3.0.5.RELEASE.jar:/Users/mraible/.m2/repository/org/springframework/spring-expression/3.0.5.RELEASE/spring-expression-3.0.5.RELEASE.jar:/Users/mraible/.m2/repository/org/springframework/spring-web/3.0.5.RELEASE/spring-web-3.0.5.RELEASE.jar:/Users/mraible/.m2/repository/org/tuckey/urlrewritefilter/3.1.0/urlrewritefilter-3.1.0.jar:/Users/mraible/.m2/repository/commons-lang/commons-lang/2.6/commons-lang-2.6.jar:/Users/mraible/.m2/repository/org/springframework/security/spring-security-core/3.0.5.RELEASE/spring-security-core-3.0.5.RELEASE.jar:/Users/mraible/.m2/repository/org/springframework/spring-tx/3.0.3.RELEASE/spring-tx-3.0.3.RELEASE.jar:/Users/mraible/.m2/repository/org/springframework/security/spring-security-config/3.0.5.RELEASE/spring-security-config-3.0.5.RELEASE.jar:/Users/mraible/.m2/repository/org/aspectj/aspectjweaver/1.6.10/aspectjweaver-1.6.10.jar:/Users/mraible/.m2/repository/org/aspectj/aspectjrt/1.6.10/aspectjrt-1.6.10.jar:/Users/mraible/.m2/repository/org/slf4j/slf4j-api/1.6.1/slf4j-api-1.6.1.jar:/Users/mraible/.m2/repository/org/slf4j/jcl-over-slf4j/1.6.1/jcl-over-slf4j-1.6.1.jar:/Users/mraible/.m2/repository/org/slf4j/slf4j-log4j12/1.6.1/slf4j-log4j12-1.6.1.jar:/Users/mraible/.m2/repository/log4j/log4j/1.2.16/log4j-1.2.16.jar:/Users/mraible/.m2/repository/org/appfuse/appfuse-hibernate/2.1.0-SNAPSHOT/appfuse-hibernate-2.1.0-SNAPSHOT.jar:/Users/mraible/.m2/repository/org/appfuse/appfuse-data-common/2.1.0-SNAPSHOT/appfuse-data-common-2.1.0-SNAPSHOT.jar:/Users/mraible/.m2/repository/org/hibernate/java-persistence/jpa-api/2.0-cr-1/jpa-api-2.0-cr-1.jar:/Users/mraible/.m2/repository/javax/xml/bind/jaxb-api/2.2/jaxb-api-2.2.jar:/Users/mraible/.m2/repository/org/compass-project/compass/2.2.0/compass-2.2.0.jar:/Users/mraible/.m2/repository/org/apache/lucene/lucene-core/2.4.1/lucene-core-2.4.1.jar:/Users/mraible/.m2/repository/org/hibernate/hibernate-core/3.6.1.Final/hibernate-core-3.6.1.Final.jar:/Users/mraible/.m2/repository/dom4j/dom4j/1.6.1/dom4j-1.6.1.jar:/Users/mraible/.m2/repository/org/hibernate/hibernate-commons-annotations/3.2.0.Final/hibernate-commons-annotations-3.2.0.Final.jar:/Users/mraible/.m2/repository/org/hibernate/javax/persistence/hibernate-jpa-2.0-api/1.0.0.Final/hibernate-jpa-2.0-api-1.0.0.Final.jar:/Users/mraible/.m2/repository/javax/transaction/jta/1.1/jta-1.1.jar:/Users/mraible/.m2/repository/javassist/javassist/3.12.1.GA/javassist-3.12.1.GA.jar:/Users/mraible/.m2/repository/org/hibernate/hibernate-ehcache/3.6.1.Final/hibernate-ehcache-3.6.1.Final.jar:/Users/mraible/.m2/repository/net/sf/ehcache/ehcache-core/2.3.1/ehcache-core-2.3.1.jar:/Users/mraible/.m2/repository/commons-beanutils/commons-beanutils/1.8.3/commons-beanutils-1.8.3.jar:/Users/mraible/.m2/repository/org/springframework/spring-jdbc/3.0.5.RELEASE/spring-jdbc-3.0.5.RELEASE.jar:/Users/mraible/.m2/repository/org/springframework/spring-orm/3.0.5.RELEASE/spring-orm-3.0.5.RELEASE.jar:/Users/mraible/.m2/repository/com/h2database/h2/1.2.145/h2-1.2.145.jar:/Users/mraible/.m2/repository/javax/servlet/servlet-api/2.5/servlet-api-2.5.jar:/Users/mraible/.m2/repository/displaytag/displaytag/1.2/displaytag-1.2.jar:/Users/mraible/.m2/repository/commons-collections/commons-collections/3.1/commons-collections-3.1.jar:/Users/mraible/.m2/repository/com/lowagie/itext/1.3/itext-1.3.jar:/Users/mraible/.m2/repository/org/slf4j/jcl104-over-slf4j/1.4.2/jcl104-over-slf4j-1.4.2.jar:/Users/mraible/.m2/repository/org/springmodules/spring-modules-validation/0.5/spring-modules-validation-0.5.jar:/Users/mraible/.m2/repository/commons-logging/commons-logging/1.0.4/commons-logging-1.0.4.jar:/Users/mraible/.m2/repository/commons-validator/commons-validator/1.3.0/commons-validator-1.3.0.jar:/Users/mraible/.m2/repository/oro/oro/2.0.8/oro-2.0.8.jar:/Users/mraible/.m2/repository/commons-digester/commons-digester/1.7/commons-digester-1.7.jar:/Users/mraible/.m2/repository/antlr/antlr/2.7.6/antlr-2.7.6.jar:/Users/mraible/.m2/repository/org/mockito/mockito-all/1.8.1/mockito-all-1.8.1.jar:/Users/mraible/.m2/repository/junit/junit-dep/4.5/junit-dep-4.5.jar:/Users/mraible/.m2/repository/org/hamcrest/hamcrest-core/1.1/hamcrest-core-1.1.jar:/Users/mraible/.m2/repository/junit/junit/4.7/junit-4.7.jar:/Users/mraible/.m2/repository/net/sourceforge/jwebunit/jwebunit-htmlunit-plugin/2.5/jwebunit-htmlunit-plugin-2.5.jar:/Users/mraible/.m2/repository/net/sourceforge/htmlunit/htmlunit/2.8/htmlunit-2.8.jar:/Users/mraible/.m2/repository/xalan/xalan/2.7.1/xalan-2.7.1.jar:/Users/mraible/.m2/repository/xalan/serializer/2.7.1/serializer-2.7.1.jar:/Users/mraible/.m2/repository/org/apache/httpcomponents/httpclient/4.0.1/httpclient-4.0.1.jar:/Users/mraible/.m2/repository/org/apache/httpcomponents/httpcore/4.0.1/httpcore-4.0.1.jar:/Users/mraible/.m2/repository/org/apache/httpcomponents/httpmime/4.0.1/httpmime-4.0.1.jar:/Users/mraible/.m2/repository/org/apache/james/apache-mime4j/0.6/apache-mime4j-0.6.jar:/Users/mraible/.m2/repository/commons-codec/commons-codec/1.4/commons-codec-1.4.jar:/Users/mraible/.m2/repository/net/sourceforge/htmlunit/htmlunit-core-js/2.8/htmlunit-core-js-2.8.jar:/Users/mraible/.m2/repository/xerces/xercesImpl/2.9.1/xercesImpl-2.9.1.jar:/Users/mraible/.m2/repository/xml-apis/xml-apis/1.3.04/xml-apis-1.3.04.jar:/Users/mraible/.m2/repository/net/sourceforge/nekohtml/nekohtml/1.9.14/nekohtml-1.9.14.jar:/Users/mraible/.m2/repository/net/sourceforge/cssparser/cssparser/0.9.5/cssparser-0.9.5.jar:/Users/mraible/.m2/repository/org/w3c/css/sac/1.3/sac-1.3.jar:/Users/mraible/.m2/repository/commons-io/commons-io/1.4/commons-io-1.4.jar:/Users/mraible/.m2/repository/net/sourceforge/jwebunit/jwebunit-core/2.5/jwebunit-core-2.5.jar:/Users/mraible/.m2/repository/regexp/regexp/1.3/regexp-1.3.jar:/Users/mraible/.m2/repository/org/springframework/spring-test/3.0.5.RELEASE/spring-test-3.0.5.RELEASE.jar:/Users/mraible/.m2/repository/org/codehaus/cargo/cargo-ant/1.0.1-alpha-1/cargo-ant-1.0.1-alpha-1.jar:/Users/mraible/.m2/repository/commons-discovery/commons-discovery/0.4/commons-discovery-0.4.jar:/Users/mraible/.m2/repository/org/codehaus/cargo/cargo-core-api-generic/1.0.1-alpha-1/cargo-core-api-generic-1.0.1-alpha-1.jar:/Users/mraible/.m2/repository/org/codehaus/cargo/cargo-core-api-container/1.0.1-alpha-1/cargo-core-api-container-1.0.1-alpha-1.jar:/Users/mraible/.m2/repository/org/codehaus/cargo/cargo-core-api-module/1.0.1-alpha-1/cargo-core-api-module-1.0.1-alpha-1.jar:/Users/mraible/.m2/repository/org/codehaus/cargo/cargo-core-api-util/1.0.1-alpha-1/cargo-core-api-util-1.0.1-alpha-1.jar:/Users/mraible/.m2/repository/jdom/jdom/1.0/jdom-1.0.jar:/Users/mraible/.m2/repository/jaxen/jaxen/1.0-FCS/jaxen-1.0-FCS.jar:/Users/mraible/.m2/repository/org/apache/geronimo/specs/geronimo-j2ee-deployment_1.1_spec/1.0/geronimo-j2ee-deployment_1.1_spec-1.0.jar:/Users/mraible/.m2/repository/org/apache/ant/ant/1.7.1/ant-1.7.1.jar:/Users/mraible/.m2/repository/org/apache/ant/ant-launcher/1.7.1/ant-launcher-1.7.1.jar:/Users/mraible/.m2/repository/org/codehaus/cargo/cargo-core-container-geronimo/1.0.1-alpha-1/cargo-core-container-geronimo-1.0.1-alpha-1.jar:/Users/mraible/.m2/repository/org/codehaus/cargo/cargo-core-container-jboss/1.0.1-alpha-1/cargo-core-container-jboss-1.0.1-alpha-1.jar:/Users/mraible/.m2/repository/org/codehaus/cargo/cargo-core-container-jetty/1.0.1-alpha-1/cargo-core-container-jetty-1.0.1-alpha-1.jar:/Users/mraible/.m2/repository/org/codehaus/cargo/cargo-core-container-jo/1.0.1-alpha-1/cargo-core-container-jo-1.0.1-alpha-1.jar:/Users/mraible/.m2/repository/org/codehaus/cargo/cargo-core-container-jonas/1.0.1-alpha-1/cargo-core-container-jonas-1.0.1-alpha-1.jar:/Users/mraible/.m2/repository/org/apache/geronimo/specs/geronimo-j2ee-management_1.0_spec/1.1/geronimo-j2ee-management_1.0_spec-1.1.jar:/Users/mraible/.m2/repository/org/apache/geronimo/specs/geronimo-ejb_2.1_spec/1.1/geronimo-ejb_2.1_spec-1.1.jar:/Users/mraible/.m2/repository/org/ow2/jonas/tools/configurator/configurator/1.0.2/configurator-1.0.2.jar:/Users/mraible/.m2/repository/org/ow2/jonas/tools/configurator/api/1.0.2/api-1.0.2.jar:/Users/mraible/.m2/repository/org/codehaus/cargo/cargo-core-container-jrun/1.0.1-alpha-1/cargo-core-container-jrun-1.0.1-alpha-1.jar:/Users/mraible/.m2/repository/org/codehaus/cargo/cargo-core-container-orion/1.0.1-alpha-1/cargo-core-container-orion-1.0.1-alpha-1.jar:/Users/mraible/.m2/repository/org/codehaus/cargo/cargo-core-container-resin/1.0.1-alpha-1/cargo-core-container-resin-1.0.1-alpha-1.jar:/Users/mraible/.m2/repository/org/codehaus/cargo/cargo-core-container-tomcat/1.0.1-alpha-1/cargo-core-container-tomcat-1.0.1-alpha-1.jar:/Users/mraible/.m2/repository/org/codehaus/cargo/cargo-core-container-weblogic/1.0.1-alpha-1/cargo-core-container-weblogic-1.0.1-alpha-1.jar:"/>
    <property name="java.specification.name" value="Java Platform API Specification"/>
    <property name="java.class.version" value="50.0"/>
    <property name="sun.management.compiler" value="HotSpot 64-Bit Server Compiler"/>
    <property name="os.version" value="10.6.6"/>
    <property name="user.home" value="/Users/mraible"/>
    <property name="user.timezone" value=""/>
    <property name="java.awt.printerjob" value="apple.awt.CPrinterJob"/>
    <property name="java.specification.version" value="1.6"/>
    <property name="file.encoding" value="MacRoman"/>
    <property name="user.name" value="mraible"/>
    <property name="java.class.path" value="/Users/mraible/dev/ajax/ajax-login/target/test-classes:/Users/mraible/dev/ajax/ajax-login/target/classes:/Users/mraible/.m2/repository/org/appfuse/appfuse-service/2.1.0-SNAPSHOT/appfuse-service-2.1.0-SNAPSHOT.jar:/Users/mraible/.m2/repository/javax/mail/mail/1.4.1/mail-1.4.1.jar:/Users/mraible/.m2/repository/javax/activation/activation/1.1/activation-1.1.jar:/Users/mraible/.m2/repository/velocity/velocity/1.4/velocity-1.4.jar:/Users/mraible/.m2/repository/velocity/velocity-dep/1.4/velocity-dep-1.4.jar:/Users/mraible/.m2/repository/org/apache/cxf/cxf-rt-frontend-jaxrs/2.3.2/cxf-rt-frontend-jaxrs-2.3.2.jar:/Users/mraible/.m2/repository/org/apache/cxf/cxf-api/2.3.2/cxf-api-2.3.2.jar:/Users/mraible/.m2/repository/org/apache/neethi/neethi/2.0.4/neethi-2.0.4.jar:/Users/mraible/.m2/repository/wsdl4j/wsdl4j/1.6.2/wsdl4j-1.6.2.jar:/Users/mraible/.m2/repository/org/apache/cxf/cxf-common-schemas/2.3.2/cxf-common-schemas-2.3.2.jar:/Users/mraible/.m2/repository/org/apache/cxf/cxf-rt-core/2.3.2/cxf-rt-core-2.3.2.jar:/Users/mraible/.m2/repository/com/sun/xml/bind/jaxb-impl/2.1.13/jaxb-impl-2.1.13.jar:/Users/mraible/.m2/repository/org/apache/geronimo/specs/geronimo-javamail_1.4_spec/1.7.1/geronimo-javamail_1.4_spec-1.7.1.jar:/Users/mraible/.m2/repository/javax/ws/rs/jsr311-api/1.1.1/jsr311-api-1.1.1.jar:/Users/mraible/.m2/repository/org/apache/cxf/cxf-rt-bindings-xml/2.3.2/cxf-rt-bindings-xml-2.3.2.jar:/Users/mraible/.m2/repository/org/codehaus/jettison/jettison/1.2/jettison-1.2.jar:/Users/mraible/.m2/repository/org/codehaus/woodstox/woodstox-core-asl/4.1.1/woodstox-core-asl-4.1.1.jar:/Users/mraible/.m2/repository/javax/xml/stream/stax-api/1.0-2/stax-api-1.0-2.jar:/Users/mraible/.m2/repository/org/codehaus/woodstox/stax2-api/3.1.1/stax2-api-3.1.1.jar:/Users/mraible/.m2/repository/org/apache/cxf/cxf-common-utilities/2.3.2/cxf-common-utilities-2.3.2.jar:/Users/mraible/.m2/repository/org/apache/ws/commons/schema/XmlSchema/1.4.7/XmlSchema-1.4.7.jar:/Users/mraible/.m2/repository/org/apache/cxf/cxf-rt-transports-http/2.3.2/cxf-rt-transports-http-2.3.2.jar:/Users/mraible/.m2/repository/org/apache/cxf/cxf-rt-transports-common/2.3.2/cxf-rt-transports-common-2.3.2.jar:/Users/mraible/.m2/repository/org/apache/cxf/cxf-rt-frontend-jaxws/2.3.2/cxf-rt-frontend-jaxws-2.3.2.jar:/Users/mraible/.m2/repository/xml-resolver/xml-resolver/1.2/xml-resolver-1.2.jar:/Users/mraible/.m2/repository/asm/asm/3.3/asm-3.3.jar:/Users/mraible/.m2/repository/org/apache/cxf/cxf-rt-bindings-soap/2.3.2/cxf-rt-bindings-soap-2.3.2.jar:/Users/mraible/.m2/repository/org/apache/cxf/cxf-tools-common/2.3.2/cxf-tools-common-2.3.2.jar:/Users/mraible/.m2/repository/org/apache/cxf/cxf-rt-databinding-jaxb/2.3.2/cxf-rt-databinding-jaxb-2.3.2.jar:/Users/mraible/.m2/repository/org/apache/cxf/cxf-rt-frontend-simple/2.3.2/cxf-rt-frontend-simple-2.3.2.jar:/Users/mraible/.m2/repository/org/apache/cxf/cxf-rt-ws-addr/2.3.2/cxf-rt-ws-addr-2.3.2.jar:/Users/mraible/.m2/repository/org/codehaus/jackson/jackson-jaxrs/1.7.1/jackson-jaxrs-1.7.1.jar:/Users/mraible/.m2/repository/org/codehaus/jackson/jackson-core-asl/1.7.1/jackson-core-asl-1.7.1.jar:/Users/mraible/.m2/repository/org/codehaus/jackson/jackson-mapper-asl/1.7.1/jackson-mapper-asl-1.7.1.jar:/Users/mraible/.m2/repository/org/springframework/spring-aspects/3.0.5.RELEASE/spring-aspects-3.0.5.RELEASE.jar:/Users/mraible/.m2/repository/org/springframework/spring-context-support/3.0.5.RELEASE/spring-context-support-3.0.5.RELEASE.jar:/Users/mraible/.m2/repository/commons-dbcp/commons-dbcp/1.3/commons-dbcp-1.3.jar:/Users/mraible/.m2/repository/commons-pool/commons-pool/1.5.4/commons-pool-1.5.4.jar:/Users/mraible/.m2/repository/org/directwebremoting/dwr/2.0.3/dwr-2.0.3.jar:/Users/mraible/.m2/repository/net/sf/ehcache/ehcache-web/2.0.3/ehcache-web-2.0.3.jar:/Users/mraible/.m2/repository/javax/servlet/jstl/1.1.2/jstl-1.1.2.jar:/Users/mraible/.m2/repository/taglibs/standard/1.1.2/standard-1.1.2.jar:/Users/mraible/.m2/repository/mysql/mysql-connector-java/5.1.14/mysql-connector-java-5.1.14.jar:/Users/mraible/.m2/repository/struts-menu/struts-menu/2.4.3/struts-menu-2.4.3.jar:/Users/mraible/.m2/repository/velocity-tools/velocity-tools-view/1.0/velocity-tools-view-1.0.jar:/Users/mraible/.m2/repository/opensymphony/sitemesh/2.4.2/sitemesh-2.4.2.jar:/Users/mraible/.m2/repository/org/springframework/spring-aop/3.0.5.RELEASE/spring-aop-3.0.5.RELEASE.jar:/Users/mraible/.m2/repository/aopalliance/aopalliance/1.0/aopalliance-1.0.jar:/Users/mraible/.m2/repository/org/springframework/spring-asm/3.0.5.RELEASE/spring-asm-3.0.5.RELEASE.jar:/Users/mraible/.m2/repository/org/springframework/spring-beans/3.0.5.RELEASE/spring-beans-3.0.5.RELEASE.jar:/Users/mraible/.m2/repository/org/springframework/spring-core/3.0.5.RELEASE/spring-core-3.0.5.RELEASE.jar:/Users/mraible/.m2/repository/org/springframework/security/spring-security-taglibs/3.0.5.RELEASE/spring-security-taglibs-3.0.5.RELEASE.jar:/Users/mraible/.m2/repository/org/springframework/security/spring-security-web/3.0.5.RELEASE/spring-security-web-3.0.5.RELEASE.jar:/Users/mraible/.m2/repository/org/springframework/security/spring-security-acl/3.0.5.RELEASE/spring-security-acl-3.0.5.RELEASE.jar:/Users/mraible/.m2/repository/org/springframework/spring-webmvc/3.0.5.RELEASE/spring-webmvc-3.0.5.RELEASE.jar:/Users/mraible/.m2/repository/org/springframework/spring-context/3.0.5.RELEASE/spring-context-3.0.5.RELEASE.jar:/Users/mraible/.m2/repository/org/springframework/spring-expression/3.0.5.RELEASE/spring-expression-3.0.5.RELEASE.jar:/Users/mraible/.m2/repository/org/springframework/spring-web/3.0.5.RELEASE/spring-web-3.0.5.RELEASE.jar:/Users/mraible/.m2/repository/org/tuckey/urlrewritefilter/3.1.0/urlrewritefilter-3.1.0.jar:/Users/mraible/.m2/repository/commons-lang/commons-lang/2.6/commons-lang-2.6.jar:/Users/mraible/.m2/repository/org/springframework/security/spring-security-core/3.0.5.RELEASE/spring-security-core-3.0.5.RELEASE.jar:/Users/mraible/.m2/repository/org/springframework/spring-tx/3.0.3.RELEASE/spring-tx-3.0.3.RELEASE.jar:/Users/mraible/.m2/repository/org/springframework/security/spring-security-config/3.0.5.RELEASE/spring-security-config-3.0.5.RELEASE.jar:/Users/mraible/.m2/repository/org/aspectj/aspectjweaver/1.6.10/aspectjweaver-1.6.10.jar:/Users/mraible/.m2/repository/org/aspectj/aspectjrt/1.6.10/aspectjrt-1.6.10.jar:/Users/mraible/.m2/repository/org/slf4j/slf4j-api/1.6.1/slf4j-api-1.6.1.jar:/Users/mraible/.m2/repository/org/slf4j/jcl-over-slf4j/1.6.1/jcl-over-slf4j-1.6.1.jar:/Users/mraible/.m2/repository/org/slf4j/slf4j-log4j12/1.6.1/slf4j-log4j12-1.6.1.jar:/Users/mraible/.m2/repository/log4j/log4j/1.2.16/log4j-1.2.16.jar:/Users/mraible/.m2/repository/org/appfuse/appfuse-hibernate/2.1.0-SNAPSHOT/appfuse-hibernate-2.1.0-SNAPSHOT.jar:/Users/mraible/.m2/repository/org/appfuse/appfuse-data-common/2.1.0-SNAPSHOT/appfuse-data-common-2.1.0-SNAPSHOT.jar:/Users/mraible/.m2/repository/org/hibernate/java-persistence/jpa-api/2.0-cr-1/jpa-api-2.0-cr-1.jar:/Users/mraible/.m2/repository/javax/xml/bind/jaxb-api/2.2/jaxb-api-2.2.jar:/Users/mraible/.m2/repository/org/compass-project/compass/2.2.0/compass-2.2.0.jar:/Users/mraible/.m2/repository/org/apache/lucene/lucene-core/2.4.1/lucene-core-2.4.1.jar:/Users/mraible/.m2/repository/org/hibernate/hibernate-core/3.6.1.Final/hibernate-core-3.6.1.Final.jar:/Users/mraible/.m2/repository/dom4j/dom4j/1.6.1/dom4j-1.6.1.jar:/Users/mraible/.m2/repository/org/hibernate/hibernate-commons-annotations/3.2.0.Final/hibernate-commons-annotations-3.2.0.Final.jar:/Users/mraible/.m2/repository/org/hibernate/javax/persistence/hibernate-jpa-2.0-api/1.0.0.Final/hibernate-jpa-2.0-api-1.0.0.Final.jar:/Users/mraible/.m2/repository/javax/transaction/jta/1.1/jta-1.1.jar:/Users/mraible/.m2/repository/javassist/javassist/3.12.1.GA/javassist-3.12.1.GA.jar:/Users/mraible/.m2/repository/org/hibernate/hibernate-ehcache/3.6.1.Final/hibernate-ehcache-3.6.1.Final.jar:/Users/mraible/.m2/repository/net/sf/ehcache/ehcache-core/2.3.1/ehcache-core-2.3.1.jar:/Users/mraible/.m2/repository/commons-beanutils/commons-beanutils/1.8.3/commons-beanutils-1.8.3.jar:/Users/mraible/.m2/repository/org/springframework/spring-jdbc/3.0.5.RELEASE/spring-jdbc-3.0.5.RELEASE.jar:/Users/mraible/.m2/repository/org/springframework/spring-orm/3.0.5.RELEASE/spring-orm-3.0.5.RELEASE.jar:/Users/mraible/.m2/repository/com/h2database/h2/1.2.145/h2-1.2.145.jar:/Users/mraible/.m2/repository/javax/servlet/servlet-api/2.5/servlet-api-2.5.jar:/Users/mraible/.m2/repository/displaytag/displaytag/1.2/displaytag-1.2.jar:/Users/mraible/.m2/repository/commons-collections/commons-collections/3.1/commons-collections-3.1.jar:/Users/mraible/.m2/repository/com/lowagie/itext/1.3/itext-1.3.jar:/Users/mraible/.m2/repository/org/slf4j/jcl104-over-slf4j/1.4.2/jcl104-over-slf4j-1.4.2.jar:/Users/mraible/.m2/repository/org/springmodules/spring-modules-validation/0.5/spring-modules-validation-0.5.jar:/Users/mraible/.m2/repository/commons-logging/commons-logging/1.0.4/commons-logging-1.0.4.jar:/Users/mraible/.m2/repository/commons-validator/commons-validator/1.3.0/commons-validator-1.3.0.jar:/Users/mraible/.m2/repository/oro/oro/2.0.8/oro-2.0.8.jar:/Users/mraible/.m2/repository/commons-digester/commons-digester/1.7/commons-digester-1.7.jar:/Users/mraible/.m2/repository/antlr/antlr/2.7.6/antlr-2.7.6.jar:/Users/mraible/.m2/repository/org/mockito/mockito-all/1.8.1/mockito-all-1.8.1.jar:/Users/mraible/.m2/repository/junit/junit-dep/4.5/junit-dep-4.5.jar:/Users/mraible/.m2/repository/org/hamcrest/hamcrest-core/1.1/hamcrest-core-1.1.jar:/Users/mraible/.m2/repository/junit/junit/4.7/junit-4.7.jar:/Users/mraible/.m2/repository/net/sourceforge/jwebunit/jwebunit-htmlunit-plugin/2.5/jwebunit-htmlunit-plugin-2.5.jar:/Users/mraible/.m2/repository/net/sourceforge/htmlunit/htmlunit/2.8/htmlunit-2.8.jar:/Users/mraible/.m2/repository/xalan/xalan/2.7.1/xalan-2.7.1.jar:/Users/mraible/.m2/repository/xalan/serializer/2.7.1/serializer-2.7.1.jar:/Users/mraible/.m2/repository/org/apache/httpcomponents/httpclient/4.0.1/httpclient-4.0.1.jar:/Users/mraible/.m2/repository/org/apache/httpcomponents/httpcore/4.0.1/httpcore-4.0.1.jar:/Users/mraible/.m2/repository/org/apache/httpcomponents/httpmime/4.0.1/httpmime-4.0.1.jar:/Users/mraible/.m2/repository/org/apache/james/apache-mime4j/0.6/apache-mime4j-0.6.jar:/Users/mraible/.m2/repository/commons-codec/commons-codec/1.4/commons-codec-1.4.jar:/Users/mraible/.m2/repository/net/sourceforge/htmlunit/htmlunit-core-js/2.8/htmlunit-core-js-2.8.jar:/Users/mraible/.m2/repository/xerces/xercesImpl/2.9.1/xercesImpl-2.9.1.jar:/Users/mraible/.m2/repository/xml-apis/xml-apis/1.3.04/xml-apis-1.3.04.jar:/Users/mraible/.m2/repository/net/sourceforge/nekohtml/nekohtml/1.9.14/nekohtml-1.9.14.jar:/Users/mraible/.m2/repository/net/sourceforge/cssparser/cssparser/0.9.5/cssparser-0.9.5.jar:/Users/mraible/.m2/repository/org/w3c/css/sac/1.3/sac-1.3.jar:/Users/mraible/.m2/repository/commons-io/commons-io/1.4/commons-io-1.4.jar:/Users/mraible/.m2/repository/net/sourceforge/jwebunit/jwebunit-core/2.5/jwebunit-core-2.5.jar:/Users/mraible/.m2/repository/regexp/regexp/1.3/regexp-1.3.jar:/Users/mraible/.m2/repository/org/springframework/spring-test/3.0.5.RELEASE/spring-test-3.0.5.RELEASE.jar:/Users/mraible/.m2/repository/org/codehaus/cargo/cargo-ant/1.0.1-alpha-1/cargo-ant-1.0.1-alpha-1.jar:/Users/mraible/.m2/repository/commons-discovery/commons-discovery/0.4/commons-discovery-0.4.jar:/Users/mraible/.m2/repository/org/codehaus/cargo/cargo-core-api-generic/1.0.1-alpha-1/cargo-core-api-generic-1.0.1-alpha-1.jar:/Users/mraible/.m2/repository/org/codehaus/cargo/cargo-core-api-container/1.0.1-alpha-1/cargo-core-api-container-1.0.1-alpha-1.jar:/Users/mraible/.m2/repository/org/codehaus/cargo/cargo-core-api-module/1.0.1-alpha-1/cargo-core-api-module-1.0.1-alpha-1.jar:/Users/mraible/.m2/repository/org/codehaus/cargo/cargo-core-api-util/1.0.1-alpha-1/cargo-core-api-util-1.0.1-alpha-1.jar:/Users/mraible/.m2/repository/jdom/jdom/1.0/jdom-1.0.jar:/Users/mraible/.m2/repository/jaxen/jaxen/1.0-FCS/jaxen-1.0-FCS.jar:/Users/mraible/.m2/repository/org/apache/geronimo/specs/geronimo-j2ee-deployment_1.1_spec/1.0/geronimo-j2ee-deployment_1.1_spec-1.0.jar:/Users/mraible/.m2/repository/org/apache/ant/ant/1.7.1/ant-1.7.1.jar:/Users/mraible/.m2/repository/org/apache/ant/ant-launcher/1.7.1/ant-launcher-1.7.1.jar:/Users/mraible/.m2/repository/org/codehaus/cargo/cargo-core-container-geronimo/1.0.1-alpha-1/cargo-core-container-geronimo-1.0.1-alpha-1.jar:/Users/mraible/.m2/repository/org/codehaus/cargo/cargo-core-container-jboss/1.0.1-alpha-1/cargo-core-container-jboss-1.0.1-alpha-1.jar:/Users/mraible/.m2/repository/org/codehaus/cargo/cargo-core-container-jetty/1.0.1-alpha-1/cargo-core-container-jetty-1.0.1-alpha-1.jar:/Users/mraible/.m2/repository/org/codehaus/cargo/cargo-core-container-jo/1.0.1-alpha-1/cargo-core-container-jo-1.0.1-alpha-1.jar:/Users/mraible/.m2/repository/org/codehaus/cargo/cargo-core-container-jonas/1.0.1-alpha-1/cargo-core-container-jonas-1.0.1-alpha-1.jar:/Users/mraible/.m2/repository/org/apache/geronimo/specs/geronimo-j2ee-management_1.0_spec/1.1/geronimo-j2ee-management_1.0_spec-1.1.jar:/Users/mraible/.m2/repository/org/apache/geronimo/specs/geronimo-ejb_2.1_spec/1.1/geronimo-ejb_2.1_spec-1.1.jar:/Users/mraible/.m2/repository/org/ow2/jonas/tools/configurator/configurator/1.0.2/configurator-1.0.2.jar:/Users/mraible/.m2/repository/org/ow2/jonas/tools/configurator/api/1.0.2/api-1.0.2.jar:/Users/mraible/.m2/repository/org/codehaus/cargo/cargo-core-container-jrun/1.0.1-alpha-1/cargo-core-container-jrun-1.0.1-alpha-1.jar:/Users/mraible/.m2/repository/org/codehaus/cargo/cargo-core-container-orion/1.0.1-alpha-1/cargo-core-container-orion-1.0.1-alpha-1.jar:/Users/mraible/.m2/repository/org/codehaus/cargo/cargo-core-container-resin/1.0.1-alpha-1/cargo-core-container-resin-1.0.1-alpha-1.jar:/Users/mraible/.m2/repository/org/codehaus/cargo/cargo-core-container-tomcat/1.0.1-alpha-1/cargo-core-container-tomcat-1.0.1-alpha-1.jar:/Users/mraible/.m2/repository/org/codehaus/cargo/cargo-core-container-weblogic/1.0.1-alpha-1/cargo-core-container-weblogic-1.0.1-alpha-1.jar:"/>
    <property name="java.vm.specification.version" value="1.0"/>
    <property name="sun.arch.data.model" value="64"/>
    <property name="java.home" value="/System/Library/Java/JavaVirtualMachines/1.6.0.jdk/Contents/Home"/>
    <property name="java.specification.vendor" value="Sun Microsystems Inc."/>
    <property name="user.language" value="en"/>
    <property name="awt.toolkit" value="apple.awt.CToolkit"/>
    <property name="java.vm.info" value="mixed mode"/>
    <property name="java.version" value="1.6.0_22"/>
    <property name="java.ext.dirs" value="/Library/Java/Extensions:/System/Library/Java/Extensions:/System/Library/Java/JavaVirtualMachines/1.6.0.jdk/Contents/Home/lib/ext"/>
    <property name="sun.boot.class.path" value="/System/Library/Java/JavaVirtualMachines/1.6.0.jdk/Contents/Classes/jsfd.jar:/System/Library/Java/JavaVirtualMachines/1.6.0.jdk/Contents/Classes/classes.jar:/System/Library/Frameworks/JavaVM.framework/Frameworks/JavaRuntimeSupport.framework/Resources/Java/JavaRuntimeSupport.jar:/System/Library/Java/JavaVirtualMachines/1.6.0.jdk/Contents/Classes/ui.jar:/System/Library/Java/JavaVirtualMachines/1.6.0.jdk/Contents/Classes/laf.jar:/System/Library/Java/JavaVirtualMachines/1.6.0.jdk/Contents/Classes/sunrsasign.jar:/System/Library/Java/JavaVirtualMachines/1.6.0.jdk/Contents/Classes/jsse.jar:/System/Library/Java/JavaVirtualMachines/1.6.0.jdk/Contents/Classes/jce.jar:/System/Library/Java/JavaVirtualMachines/1.6.0.jdk/Contents/Classes/charsets.jar"/>
    <property name="java.vendor" value="Apple Inc."/>
    <property name="localRepository" value="/Users/mraible/.m2/repository"/>
    <property name="file.separator" value="/"/>
    <property name="java.vendor.url.bug" value="http://bugreport.apple.com/"/>
    <property name="sun.cpu.endian" value="little"/>
    <property name="sun.io.unicode.encoding" value="UnicodeLittle"/>
    <property name="mrj.version" value="1060.1.6.0_22-307"/>
    <property name="sun.cpu.isalist" value=""/>
  </properties>
  <testcase time="0.019" classname="org.appfuse.examples.web.UserControllerTest" name="testGetUsers"/>
</testsuite>